C51 COMPILER V9.56.0.0   BT2                                                               02/13/2017 11:36:51 PAGE 1   


C51 COMPILER V9.56.0.0, COMPILATION OF MODULE BT2
OBJECT MODULE PLACED IN .\Objects\bt2.obj
COMPILER INVOKED BY: C:\Keil_v5\C51\BIN\C51.EXE bt2.c OPTIMIZE(8,SPEED) BROWSE DEBUG OBJECTEXTEND PRINT(.\Listings\bt2.l
                    -st) TABS(2) OBJECT(.\Objects\bt2.obj)

line level    source

   1          
   2          #include <REGX51.H>
*** WARNING C318 IN LINE 2 OF bt2.c: can't open file 'REGX51.H'
   3          #include "delay.h"
*** WARNING C318 IN LINE 3 OF bt2.c: can't open file 'delay.h'
   4          void main (void)
   5          {
   6   1        while(1)
   7   1        {
   8   2          P0=P1=P2=P3=0xAA;
*** ERROR C202 IN LINE 8 OF bt2.c: 'P0': undefined identifier
   9   2          _delay_ms(500);
  10   2          P0=P1=P2=P3=0x55;
  11   2        }
  12   1      }

C51 COMPILATION COMPLETE.  2 WARNING(S),  1 ERROR(S)
