C51 COMPILER V9.01   BT1                                                                   09/29/2015 20:00:06 PAGE 1   


C51 COMPILER V9.01, COMPILATION OF MODULE BT1
OBJECT MODULE PLACED IN .\bt1.obj
COMPILER INVOKED BY: C:\Keil\C51\BIN\C51.EXE ..\bt1\bt1.c BROWSE DEBUG OBJECTEXTEND PRINT(.\bt1.lst) OBJECT(.\bt1.obj)

line level    source

   1          #include "REGX51.H"
   2          
   3            
   4          void delay(int x) 
   5          { 
   6   1      char i,j; 
   7   1      for(i=0;i<1000;i++) 
   8   1      { 
   9   2      for(j=0;j<25555;j++) 
  10   2      { 
  11   3      
  12   3      } 
  13   2      } 
  14   1      } 
*** WARNING C280 IN LINE 4 OF ..\BT1\BT1.C: 'x': unreferenced local variable
  15          void main (void)
  16          {
  17   1              while(1)
  18   1              {
  19   2                 P0=0x00;      delay(100);
  20   2                 P0=0xff;                     delay(100);
  21   2              }
  22   1      }


MODULE INFORMATION:   STATIC OVERLAYABLE
   CODE SIZE        =     70    ----
   CONSTANT SIZE    =   ----    ----
   XDATA SIZE       =   ----    ----
   PDATA SIZE       =   ----    ----
   DATA SIZE        =   ----       2
   IDATA SIZE       =   ----    ----
   BIT SIZE         =   ----    ----
END OF MODULE INFORMATION.


C51 COMPILATION COMPLETE.  1 WARNING(S),  0 ERROR(S)
