C51 COMPILER V9.56.0.0   MAIN                                                              03/20/2017 16:59:06 PAGE 1   


C51 COMPILER V9.56.0.0, COMPILATION OF MODULE MAIN
OBJECT MODULE PLACED IN .\Objects\MAIN.obj
COMPILER INVOKED BY: C:\Keil_v5\C51\BIN\C51.EXE MAIN.C OPTIMIZE(8,SPEED) BROWSE DEBUG OBJECTEXTEND PRINT(.\Listings\MAIN
                    -.lst) TABS(2) OBJECT(.\Objects\MAIN.obj)

line level    source

   1          #include <REGX51.H>
   2          #include <DELAY.H>
   3          #define setb(thanhghi,bit)  thanhghi=thanhghi|(1<<bit)
   4          #define clrb(thanhghi,bit)  thanhghi=thanhghi&(~(1<<bit))
   5          char count;
   6          char codee[]={0xFE,0xaa,255,255,255,255,255,255};
   7          int main(void)
   8          {
   9   1        
  10   1        while(1)
  11   1        {
  12   2          /*for(count = 0;count < 8;count++)
  13   2          {
  14   2            setb(P3, count);
  15   2            P1 = codee[count];
  16   2            _delay_us(1);
  17   2            clrb(P3, count);
  18   2          }*/
  19   2          P2=0xff;P1 = 0;
  20   2        }
  21   1      }


MODULE INFORMATION:   STATIC OVERLAYABLE
   CODE SIZE        =     51    ----
   CONSTANT SIZE    =   ----    ----
   XDATA SIZE       =   ----    ----
   PDATA SIZE       =   ----    ----
   DATA SIZE        =      9    ----
   IDATA SIZE       =   ----    ----
   BIT SIZE         =   ----    ----
END OF MODULE INFORMATION.


C51 COMPILATION COMPLETE.  0 WARNING(S),  0 ERROR(S)
