C51 COMPILER V9.56.0.0   BT1                                                               03/26/2017 22:48:01 PAGE 1   


C51 COMPILER V9.56.0.0, COMPILATION OF MODULE BT1
OBJECT MODULE PLACED IN bt1.OBJ
COMPILER INVOKED BY: C:\Keil_v5\C51\BIN\C51.EXE bt1.c OPTIMIZE(8,SPEED) BROWSE DEBUG OBJECTEXTEND TABS(2)

line level    source

   1          #include "REGX51.H"
   2          #include "F:\8051\Header\delay.h"
   3          int n=0;
   4          void main (void)
   5          {
   6   1        while(1)
   7   1        {  
   8   2          P2_1=~P2_1;
   9   2          _delay_ms(90);
  10   2        }
  11   1      }


MODULE INFORMATION:   STATIC OVERLAYABLE
   CODE SIZE        =     43    ----
   CONSTANT SIZE    =   ----    ----
   XDATA SIZE       =   ----    ----
   PDATA SIZE       =   ----    ----
   DATA SIZE        =      2    ----
   IDATA SIZE       =   ----    ----
   BIT SIZE         =   ----    ----
END OF MODULE INFORMATION.


C51 COMPILATION COMPLETE.  0 WARNING(S),  0 ERROR(S)
