C51 COMPILER V9.01   SAOBANG8LED                                                           11/13/2015 10:33:53 PAGE 1   


C51 COMPILER V9.01, COMPILATION OF MODULE SAOBANG8LED
OBJECT MODULE PLACED IN saobang8led.OBJ
COMPILER INVOKED BY: C:\Keil\C51\BIN\C51.EXE saobang8led.c BROWSE DEBUG OBJECTEXTEND

line level    source

   1          #include <REGX51.H>
   2          #define setbb(thanhghi,bit)     thanhghi=thanhghi|(1<<bit)
   3          #define clrb(thanhghi,bit)  thanhghi=thanhghi&(~(1<<bit))
   4          #define inbit(thanhghi,bit) (thanhghi&(1<<bit))>>bit
   5          int i,x,dat;
   6          void delay(int x)
   7          {
   8   1              int i,j;
   9   1              for(i=0;i<x;i++)
  10   1              {
  11   2                      for(j=0;j<125;j++)
  12   2                      {
  13   3                                      
  14   3                      }
  15   2              }
  16   1      }
  17          void sip(dat)
  18          {
  19   1              for (i=16;i>0;i--)
  20   1              {
  21   2                      
  22   2                      if((dat&0x80)==0x80)
  23   2                      setbb(P0,0);
  24   2                      else
  25   2                      clrb(P0,0);     
  26   2                      dat=dat<<1;
  27   2                      //xung clk cua thanh ghi dich
  28   2                      clrb(P0,1);
  29   2                      setbb(P0,1);
  30   2              }
  31   1                      //xung chot
  32   1                      clrb(P0,2);
  33   1                      setbb(P0,2);
  34   1                      
  35   1              
  36   1      }
  37          void saobang()
  38          {
  39   1                      int i=0,a=0xfFFf,b=0xff;
  40   1                      for(;i<12;i++)
  41   1                      {       
  42   2                              if (i<3)
  43   2                              {
  44   3                                      sip(a);
  45   3                                      delay(100);
  46   3                                      a=a<<1;
  47   3                              }
  48   2                              else    
  49   2                              {
  50   3                                      sip(a);
  51   3                                      delay(100);
  52   3                                      a=(a<<1)+1;
  53   3                              }
  54   2                      }
  55   1                      delay(1000);
C51 COMPILER V9.01   SAOBANG8LED                                                           11/13/2015 10:33:53 PAGE 2   

  56   1              }
  57          int main(void)
  58          {
  59   1              while(1)
  60   1              {
  61   2                      saobang();
  62   2              }
  63   1      }                 


MODULE INFORMATION:   STATIC OVERLAYABLE
   CODE SIZE        =    186    ----
   CONSTANT SIZE    =   ----    ----
   XDATA SIZE       =   ----    ----
   PDATA SIZE       =   ----    ----
   DATA SIZE        =      6       4
   IDATA SIZE       =   ----    ----
   BIT SIZE         =   ----    ----
END OF MODULE INFORMATION.


C51 COMPILATION COMPLETE.  0 WARNING(S),  0 ERROR(S)
