C51 COMPILER V9.56.0.0   BT2                                                               02/13/2017 11:57:54 PAGE 1   


C51 COMPILER V9.56.0.0, COMPILATION OF MODULE BT2
OBJECT MODULE PLACED IN bt2.OBJ
COMPILER INVOKED BY: C:\Keil_v5\C51\BIN\C51.EXE bt2.c OPTIMIZE(8,SPEED) BROWSE DEBUG OBJECTEXTEND TABS(2)

line level    source

   1          #include <REGX51.H>
*** WARNING C318 IN LINE 1 OF bt2.c: can't open file 'REGX51.H'
   2          #include "delay.h"
*** WARNING C318 IN LINE 2 OF bt2.c: can't open file 'delay.h'
   3          void main (void)
   4          {
   5   1        while(1)
   6   1        {
   7   2          P1=P2=P3=P0=0xAA;
*** ERROR C202 IN LINE 7 OF bt2.c: 'P1': undefined identifier
   8   2          _delay_ms(500);
   9   2          P1=P2=P3=P0=0x55;
  10   2          _delay_ms(500);
  11   2        }
  12   1      }

C51 COMPILATION COMPLETE.  2 WARNING(S),  1 ERROR(S)
