C51 COMPILER V9.56.0.0   MAIN                                                              03/31/2017 18:00:11 PAGE 1   


C51 COMPILER V9.56.0.0, COMPILATION OF MODULE MAIN
OBJECT MODULE PLACED IN .\Objects\MAIN.obj
COMPILER INVOKED BY: C:\Keil_v5\C51\BIN\C51.EXE MAIN.C OPTIMIZE(8,SPEED) BROWSE DEBUG OBJECTEXTEND PRINT(.\Listings\MAIN
                    -.lst) TABS(2) OBJECT(.\Objects\MAIN.obj)

line level    source

   1          #include <REGX51.H>
   2          #include "delay.h"
   3          
   4          #define DATA  P2_0
   5          #define CLK   P2_1
   6          
   7          char i,x;
   8          
   9          void Ship_164(int value)
  10          {
  11   1        for (i=0;i<8;i++)
  12   1        {
  13   2          if(value & 1)
  14   2            DATA = 1;
  15   2          else
  16   2            DATA = 0;
  17   2          value=value>>1;
  18   2          CLK = 0;//xung clk cua thanh ghi dich
  19   2          _delay_us(100);
  20   2          CLK = 1;
  21   2        }
  22   1      }
  23          int main(void)
  24          {
  25   1        while(1)
  26   1        {
  27   2          Ship_164(0xaa);
  28   2          _delay_ms(1000);
  29   2        }
  30   1      }


MODULE INFORMATION:   STATIC OVERLAYABLE
   CODE SIZE        =    107    ----
   CONSTANT SIZE    =   ----    ----
   XDATA SIZE       =   ----    ----
   PDATA SIZE       =   ----    ----
   DATA SIZE        =      2    ----
   IDATA SIZE       =   ----    ----
   BIT SIZE         =   ----    ----
END OF MODULE INFORMATION.


C51 COMPILATION COMPLETE.  0 WARNING(S),  0 ERROR(S)
